<!DOCTYPE HTML PUBLIC "-//W3C//DTD HTML 4.01 Transitional//EN">
<HTML>
 <HEAD>
   <TITLE> [OpenIMSCore-Users] Problems running PCSCf, SCSCF, ICSCF
   </TITLE>
   <LINK REL="Index" HREF="http://lists.berlios.de/pipermail/openimscore-users/2008-February/index.html" >
   <LINK REL="made" HREF="mailto:openimscore-users%40lists.berlios.de?Subject=Re%3A%20%5BOpenIMSCore-Users%5D%20Problems%20running%20PCSCf%2C%20SCSCF%2C%20ICSCF&In-Reply-To=%3C47C68DC0.7090700%40fokus.fraunhofer.de%3E">
   <META NAME="robots" CONTENT="index,nofollow">
   <style type="text/css">
       pre {
           white-space: pre-wrap;       /* css-2.1, curent FF, Opera, Safari */
           }
   </style>
   <META http-equiv="Content-Type" content="text/html; charset=us-ascii">
   <LINK REL="Previous"  HREF="003434.html">
   <LINK REL="Next"  HREF="003382.html">
 </HEAD>
 <BODY BGCOLOR="#ffffff">
   <H1>[OpenIMSCore-Users] Problems running PCSCf, SCSCF, ICSCF</H1>
    <B>Dragos Vingarzan</B> 
    <A HREF="mailto:openimscore-users%40lists.berlios.de?Subject=Re%3A%20%5BOpenIMSCore-Users%5D%20Problems%20running%20PCSCf%2C%20SCSCF%2C%20ICSCF&In-Reply-To=%3C47C68DC0.7090700%40fokus.fraunhofer.de%3E"
       TITLE="[OpenIMSCore-Users] Problems running PCSCf, SCSCF, ICSCF">Dragos.Vingarzan at fokus.fraunhofer.de
       </A><BR>
    <I>Thu Feb 28 11:32:32 CET 2008</I>
    <P><UL>
        <LI>Previous message: <A HREF="003434.html">[OpenIMSCore-Users] Problems running PCSCf, SCSCF, ICSCF
</A></li>
        <LI>Next message: <A HREF="003382.html">[OpenIMSCore-Users] Problem in Registration using IMS	Communicator
</A></li>
         <LI> <B>Messages sorted by:</B> 
              <a href="date.html#3502">[ date ]</a>
              <a href="thread.html#3502">[ thread ]</a>
              <a href="subject.html#3502">[ subject ]</a>
              <a href="author.html#3502">[ author ]</a>
         </LI>
       </UL>
    <HR>  
<!--beginarticle-->
<PRE>Looks like you don't have all the pre-requisites... Don't know which
really - see again the installation guide.

-Dragos

Rob wrote:
&gt;<i> So, finally II succeed in compiling both SER and modules.
</I>&gt;<i>
</I>&gt;<i> In spite of this pcscf don't run yet:
</I>&gt;<i>
</I>&gt;<i> ---
</I>&gt;<i> 0(5868) ERROR: load_module: could not open module
</I>&gt;<i> &lt;/opt/OpenIMSCore/ser_ims/modules/sl/sl.so&gt;:
</I>&gt;<i> /opt/OpenIMSCore/ser_ims/modules/sl/sl.so: undefined symbol: tls_disable
</I>&gt;<i> 0(5868) parse error (35,13-14): failed to load module
</I>&gt;<i> 0(5868) ERROR: load_module: could not open module
</I>&gt;<i> &lt;/opt/OpenIMSCore/ser_ims/modules/tm/tm.so&gt;:
</I>&gt;<i> /opt/OpenIMSCore/ser_ims/modules/tm/tm.so: undefined symbol:
</I>&gt;<i> use_dst_blacklist
</I>&gt;<i> 0(5868) parse error (36,13-14): failed to load module
</I>&gt;<i> 0(5868) ERROR: load_module: could not open module
</I>&gt;<i> &lt;/opt/OpenIMSCore/ser_ims/modules/dialog/dialog.so&gt;:
</I>&gt;<i> /usr/local/lib/ser/lib_ser_cds.so: undefined symbol: dprint_crit
</I>&gt;<i> 0(5868) parse error (37,13-14): failed to load module
</I>&gt;<i> 0(5868) ERROR: load_module: could not open module
</I>&gt;<i> &lt;/opt/OpenIMSCore/ser_ims/modules/rr/rr.so&gt;:
</I>&gt;<i> /opt/OpenIMSCore/ser_ims/modules/rr/rr.so: undefined symbol: dprint_crit
</I>&gt;<i> 0(5868) parse error (38,13-14): failed to load module
</I>&gt;<i> 0(5868) ERROR: load_module: could not open module
</I>&gt;<i> &lt;/opt/OpenIMSCore/ser_ims/modules/maxfwd/maxfwd.so&gt;:
</I>&gt;<i> /opt/OpenIMSCore/ser_ims/modules/maxfwd/maxfwd.so: undefined symbol:
</I>&gt;<i> dprint_crit
</I>&gt;<i> 0(5868) parse error (39,13-14): failed to load module
</I>&gt;<i> 0(5868) ERROR: load_module: could not open module
</I>&gt;<i> &lt;/opt/OpenIMSCore/ser_ims/modules/textops/textops.so&gt;:
</I>&gt;<i> /opt/OpenIMSCore/ser_ims/modules/textops/textops.so: undefined symbol:
</I>&gt;<i> dprint_crit
</I>&gt;<i> 0(5868) parse error (40,13-14): failed to load module
</I>&gt;<i> 0(5868) ERROR: load_module: could not open module
</I>&gt;<i> &lt;/opt/OpenIMSCore/ser_ims/modules/pcscf/pcscf.so&gt;:
</I>&gt;<i> /usr/local/lib/ser/lib_ser_cds.so: undefined symbol: dprint_crit
</I>&gt;<i> 0(5868) parse error (42,13-14): failed to load module
</I>&gt;<i> 0(5868) set_mod_param_regex: No module matching pcscf found
</I>&gt;<i> | 0(5868) parse error (44,18-19): Can't set module parameter
</I>&gt;<i> 0(5868) set_mod_param_regex: No module matching pcscf found
</I>&gt;<i> | 0(5868) parse error (46,19-20): Can't set module parameter
</I>&gt;<i> 0(5868) set_mod_param_regex: No module matching pcscf found
</I>&gt;<i> | 0(5868) parse error (47,18-19): Can't set module parameter
</I>&gt;<i> 0(5868) set_mod_param_regex: No module matching pcscf found
</I>&gt;<i> | 0(5868) parse error (49,19-20): Can't set module parameter
</I>&gt;<i> 0(5868) set_mod_param_regex: No module matching pcscf found
</I>&gt;<i> | 0(5868) parse error (51,19-20): Can't set module parameter
</I>&gt;<i> 0(5868) set_mod_param_regex: No module matching pcscf found
</I>&gt;<i> | 0(5868) parse error (52,20-21): Can't set module parameter
</I>&gt;<i> 0(5868) set_mod_param_regex: No module matching pcscf found
</I>&gt;<i> | 0(5868) parse error (53,17-18): Can't set module parameter
</I>&gt;<i> 0(5868) set_mod_param_regex: No module matching pcscf found
</I>&gt;<i> | 0(5868) parse error (54,21-22): Can't set module parameter
</I>&gt;<i> 0(5868) set_mod_param_regex: No module matching pcscf found
</I>&gt;<i> | 0(5868) parse error (55,18-19): Can't set module parameter
</I>&gt;<i> 0(5868) set_mod_param_regex: No module matching pcscf found
</I>&gt;<i> | 0(5868) parse error (57,17-18): Can't set module parameter
</I>&gt;<i> 0(5868) set_mod_param_regex: No module matching pcscf found
</I>&gt;<i> | 0(5868) parse error (58,18-19): Can't set module parameter
</I>&gt;<i> 0(5868) set_mod_param_regex: No module matching pcscf found
</I>&gt;<i> | 0(5868) parse error (59,20-21): Can't set module parameter
</I>&gt;<i> 0(5868) set_mod_param_regex: No module matching pcscf found
</I>&gt;<i> | 0(5868) parse error (60,20-21): Can't set module parameter
</I>&gt;<i> 0(5868) set_mod_param_regex: No module matching pcscf found
</I>&gt;<i> | 0(5868) parse error (63,17-18): Can't set module parameter
</I>&gt;<i> 0(5868) set_mod_param_regex: No module matching pcscf found
</I>&gt;<i> | 0(5868) parse error (68,18-19): Can't set module parameter
</I>&gt;<i> 0(5868) set_mod_param_regex: No module matching pcscf found
</I>&gt;<i> | 0(5868) parse error (69,18-19): Can't set module parameter
</I>&gt;<i> 0(5868) set_mod_param_regex: No module matching pcscf found
</I>&gt;<i> | 0(5868) parse error (70,18-19): Can't set module parameter
</I>&gt;<i> 0(5868) set_mod_param_regex: No module matching pcscf found
</I>&gt;<i> | 0(5868) parse error (71,18-19): Can't set module parameter
</I>&gt;<i> 0(5868) set_mod_param_regex: No module matching pcscf found
</I>&gt;<i> | 0(5868) parse error (72,18-19): Can't set module parameter
</I>&gt;<i> 0(5868) set_mod_param_regex: No module matching pcscf found
</I>&gt;<i> | 0(5868) parse error (74,18-19): Can't set module parameter
</I>&gt;<i> 0(5868) set_mod_param_regex: No module matching pcscf found
</I>&gt;<i> | 0(5868) parse error (75,18-19): Can't set module parameter
</I>&gt;<i> 0(5868) set_mod_param_regex: No module matching pcscf found
</I>&gt;<i> | 0(5868) parse error (76,18-19): Can't set module parameter
</I>&gt;<i> 0(5868) set_mod_param_regex: No module matching pcscf found
</I>&gt;<i> | 0(5868) parse error (77,21-22): Can't set module parameter
</I>&gt;<i> 0(5868) set_mod_param_regex: No module matching pcscf found
</I>&gt;<i> | 0(5868) parse error (78,19-20): Can't set module parameter
</I>&gt;<i> 0(5868) set_mod_param_regex: No module matching pcscf found
</I>&gt;<i> | 0(5868) parse error (79,18-19): Can't set module parameter
</I>&gt;<i> 0(5868) set_mod_param_regex: No module matching pcscf found
</I>&gt;<i> | 0(5868) parse error (80,19-20): Can't set module parameter
</I>&gt;<i> 0(5868) set_mod_param_regex: No module matching pcscf found
</I>&gt;<i> | 0(5868) parse error (81,18-19): Can't set module parameter
</I>&gt;<i> 0(5868) set_mod_param_regex: No module matching pcscf found
</I>&gt;<i> | 0(5868) parse error (82,18-19): Can't set module parameter
</I>&gt;<i> 0(5868) set_mod_param_regex: No module matching pcscf found
</I>&gt;<i> | 0(5868) parse error (85,18-19): Can't set module parameter
</I>&gt;<i> 0(5868) set_mod_param_regex: No module matching pcscf found
</I>&gt;<i> | 0(5868) parse error (87,18-19): Can't set module parameter
</I>&gt;<i> 0(5868) set_mod_param_regex: No module matching pcscf found
</I>&gt;<i> | 0(5868) parse error (88,18-19): Can't set module parameter
</I>&gt;<i> 0(5868) set_mod_param_regex: No module matching pcscf found
</I>&gt;<i> | 0(5868) parse error (89,18-19): Can't set module parameter
</I>&gt;<i> 0(5868) set_mod_param_regex: No module matching pcscf found
</I>&gt;<i> | 0(5868) parse error (90,18-19): Can't set module parameter
</I>&gt;<i> 0(5868) set_mod_param_regex: No module matching pcscf found
</I>&gt;<i> | 0(5868) parse error (93,17-18): Can't set module parameter
</I>&gt;<i> 0(5868) set_mod_param_regex: No module matching pcscf found
</I>&gt;<i> | 0(5868) parse error (104,17-18): Can't set module parameter
</I>&gt;<i> 0(5868) set_mod_param_regex: No module matching rr found
</I>&gt;<i> | 0(5868) parse error (113,19-20): Can't set module parameter
</I>&gt;<i> 0(5868) parse error (132,8-21): syntax error
</I>&gt;<i> 0(5868) parse error (132,21-22): bad routeargument
</I>&gt;<i> 0(5868) parse error (137,27-28): unknown command, missing loadmodule?
</I>&gt;<i>
</I>&gt;<i> 0(5868) parse error (138,22-23): unknown command, missing loadmodule?
</I>&gt;<i>
</I>&gt;<i> 0(5868) parse error (142,9-17): syntax error
</I>&gt;<i> 0(5868) parse error (142,17-18): bad routeargument
</I>&gt;<i> 0(5868) parse error (155,9-15): syntax error
</I>&gt;<i> 0(5868) parse error (155,15-16): bad routeargument
</I>&gt;<i> 0(5868) parse error (159,28-29): unknown command, missing loadmodule?
</I>&gt;<i>
</I>&gt;<i> 0(5868) parse error (164,24-25): unknown command, missing loadmodule?
</I>&gt;<i>
</I>&gt;<i> 0(5868) parse error (165,26-41): syntax error
</I>&gt;<i> 0(5868) parse error (165,41-42): bad routeargument
</I>&gt;<i> 0(5868) parse error (166,15-30): syntax error
</I>&gt;<i> 0(5868) parse error (166,30-31): bad routeargument
</I>&gt;<i> 0(5868) parse error (170,24-25): unknown command, missing loadmodule?
</I>&gt;<i>
</I>&gt;<i> 0(5868) parse error (171,26-41): syntax error
</I>&gt;<i> 0(5868) parse error (171,41-42): bad routeargument
</I>&gt;<i> 0(5868) parse error (172,15-30): syntax error
</I>&gt;<i> 0(5868) parse error (172,30-31): bad routeargument
</I>&gt;<i> 0(5868) parse error (178,14-15): unknown command, missing loadmodule?
</I>&gt;<i>
</I>&gt;<i> 0(5868) parse error (182,10-22): syntax error
</I>&gt;<i> 0(5868) parse error (182,22-23): bad routeargument
</I>&gt;<i> 0(5868) parse error (186,24-25): unknown command, missing loadmodule?
</I>&gt;<i>
</I>&gt;<i> 0(5868) parse error (190,24-25): unknown command, missing loadmodule?
</I>&gt;<i>
</I>&gt;<i> 0(5868) parse error (193,10-25): syntax error
</I>&gt;<i> 0(5868) parse error (193,25-26): bad routeargument
</I>&gt;<i> 0(5868) parse error (203,25-26): unknown command, missing loadmodule?
</I>&gt;<i>
</I>&gt;<i> 0(5868) parse error (205,10-22): syntax error
</I>&gt;<i> 0(5868) parse error (205,22-23): bad routeargument
</I>&gt;<i> 0(5868) parse error (208,25-26): unknown command, missing loadmodule?
</I>&gt;<i>
</I>&gt;<i> 0(5868) parse error (209,27-42): syntax error
</I>&gt;<i> 0(5868) parse error (209,42-43): bad routeargument
</I>&gt;<i> 0(5868) parse error (210,16-31): syntax error
</I>&gt;<i> 0(5868) parse error (210,31-32): bad routeargument
</I>&gt;<i> 0(5868) parse error (214,25-26): unknown command, missing loadmodule?
</I>&gt;<i>
</I>&gt;<i> 0(5868) parse error (218,25-26): unknown command, missing loadmodule?
</I>&gt;<i>
</I>&gt;<i> 0(5868) parse error (221,11-26): syntax error
</I>&gt;<i> 0(5868) parse error (221,26-27): bad routeargument
</I>&gt;<i> 0(5868) parse error (230,7-20): syntax error
</I>&gt;<i> 0(5868) parse error (230,7-20): invalid  route  statement
</I>&gt;<i> 0(5868) parse error (230,20-21):
</I>&gt;<i> ERROR: bad config file (84 errors)
</I>&gt;<i> ---
</I>&gt;<i> It seems it can't load some modules....I really cant' understand
</I>&gt;<i>
</I>&gt;<i> Rob
</I>&gt;<i>
</I>&gt;<i>
</I>&gt;<i>
</I>&gt;<i>
</I>&gt;<i> Dragos Vingarzan wrote:
</I>&gt;&gt;<i> seems that you are missing parts from OpenSSL then...
</I>&gt;&gt;<i>
</I>&gt;&gt;<i> on my gentoo here is the name of the package that includes the headers
</I>&gt;&gt;<i> for example.
</I>&gt;&gt;<i>
</I>&gt;&gt;<i> dev-libs/openssl-0.9.8g (/usr/include/openssl/ssl.h)
</I>&gt;&gt;<i>
</I>&gt;&gt;<i> -Dragos
</I>&gt;&gt;<i>
</I>&gt;&gt;<i> Rob wrote:
</I>&gt;&gt;<i>  
</I>&gt;&gt;&gt;<i> No, I have done everything on the same machine using only the last SER
</I>&gt;&gt;&gt;<i> version.
</I>&gt;&gt;&gt;<i>
</I>&gt;&gt;&gt;<i> But finally, I read this FAQ (<A HREF="http://www.openimscore.org/node/82">http://www.openimscore.org/node/82</A>) and
</I>&gt;&gt;&gt;<i> tried to re-make ser_ims, the results are these:
</I>&gt;&gt;&gt;<i>
</I>&gt;&gt;&gt;<i> ---
</I>&gt;&gt;&gt;<i> make all include_modules=tls
</I>&gt;&gt;&gt;<i> make -C lib -f Makefile.ser
</I>&gt;&gt;&gt;<i> make[1]: Entering directory `/opt/OpenIMSCore/ser_ims/lib'
</I>&gt;&gt;&gt;<i> Making in binrpc
</I>&gt;&gt;&gt;<i> make[2]: Entering directory `/opt/OpenIMSCore/ser_ims/lib/binrpc'
</I>&gt;&gt;&gt;<i> make[2]: `libbinrpc.so' is up to date.
</I>&gt;&gt;&gt;<i> make[2]: Leaving directory `/opt/OpenIMSCore/ser_ims/lib/binrpc'
</I>&gt;&gt;&gt;<i> Making in cds
</I>&gt;&gt;&gt;<i> make[2]: Entering directory `/opt/OpenIMSCore/ser_ims/lib/cds'
</I>&gt;&gt;&gt;<i> make[2]: `lib_ser_cds.so' is up to date.
</I>&gt;&gt;&gt;<i> make[2]: Leaving directory `/opt/OpenIMSCore/ser_ims/lib/cds'
</I>&gt;&gt;&gt;<i> Making in xcap
</I>&gt;&gt;&gt;<i> make[2]: Entering directory `/opt/OpenIMSCore/ser_ims/lib/xcap'
</I>&gt;&gt;&gt;<i> make[2]: `lib_ser_xcap.so' is up to date.
</I>&gt;&gt;&gt;<i> make[2]: Leaving directory `/opt/OpenIMSCore/ser_ims/lib/xcap'
</I>&gt;&gt;&gt;<i> Making in presence
</I>&gt;&gt;&gt;<i> make[2]: Entering directory `/opt/OpenIMSCore/ser_ims/lib/presence'
</I>&gt;&gt;&gt;<i> make[2]: `lib_ser_presence.so' is up to date.
</I>&gt;&gt;&gt;<i> make[2]: Leaving directory `/opt/OpenIMSCore/ser_ims/lib/presence'
</I>&gt;&gt;&gt;<i> make[1]: Leaving directory `/opt/OpenIMSCore/ser_ims/lib'
</I>&gt;&gt;&gt;<i>
</I>&gt;&gt;&gt;<i>
</I>&gt;&gt;&gt;<i> make[1]: Entering directory `/opt/OpenIMSCore/ser_ims/modules/tls'
</I>&gt;&gt;&gt;<i> gcc -fPIC -DPIC -g -O9 -funroll-loops -Wcast-align
</I>&gt;&gt;&gt;<i> -minline-all-stringops -falign-loops -ftree-vectorize -mtune=athlon64
</I>&gt;&gt;&gt;<i> -Wall -DNAME='&quot;ser&quot;' -DVERSION='&quot;2.1.0-dev1 OpenIMSCore&quot;'
</I>&gt;&gt;&gt;<i> -DARCH='&quot;i386&quot;' -DOS='linux_' -DOS_QUOTED='&quot;linux&quot;' -DCOMPILER='&quot;gcc
</I>&gt;&gt;&gt;<i> 4.1.3&quot;' -D__CPU_i386 -D__OS_linux -DSER_VER=2001000
</I>&gt;&gt;&gt;<i> -DCFG_DIR='&quot;/usr/local/etc/ser/&quot;' -DPKG_MALLOC -DSHM_MEM -DSHM_MMAP
</I>&gt;&gt;&gt;<i> -DDNS_IP_HACK -DUSE_IPV6 -DUSE_MCAST -DUSE_TCP -DDISABLE_NAGLE
</I>&gt;&gt;&gt;<i> -DHAVE_RESOLV_RES -DDBG_QM_MALLOC -DUSE_DNS_CACHE -DUSE_DNS_FAILOVER
</I>&gt;&gt;&gt;<i> -DUSE_DST_BLACKLIST -ggdb -DUSE_TLS -DTLS_HOOKS -DFAST_LOCK
</I>&gt;&gt;&gt;<i> -DADAPTIVE_WAIT -DADAPTIVE_WAIT_LOOPS=1024 -DCC_GCC_LIKE_ASM
</I>&gt;&gt;&gt;<i> -DHAVE_GETHOSTBYNAME2 -DHAVE_UNION_SEMUN -DHAVE_SCHED_YIELD
</I>&gt;&gt;&gt;<i> -DHAVE_MSG_NOSIGNAL -DHAVE_MSGHDR_MSG_CONTROL -DHAVE_ALLOCA_H
</I>&gt;&gt;&gt;<i> -DHAVE_TIMEGM -DHAVE_EPOLL -DHAVE_SIGIO_RT -DSIGINFO64_WORKARROUND
</I>&gt;&gt;&gt;<i> -DHAVE_SELECT -I/usr/local/ssl/include -c tls_config.c -o tls_config.o
</I>&gt;&gt;&gt;<i> In file included from tls_config.h:37,
</I>&gt;&gt;&gt;<i> from tls_config.c:40:
</I>&gt;&gt;&gt;<i> tls_domain.h:37:25: error: openssl/ssl.h: Nessun file o directory
</I>&gt;&gt;&gt;<i> In file included from tls_config.h:37,
</I>&gt;&gt;&gt;<i> from tls_config.c:40:
</I>&gt;&gt;&gt;<i> tls_domain.h:78: error: expected specifier-qualifier-list before
</I>&gt;&gt;&gt;<i> &#8216;SSL_CTX&#8217;
</I>&gt;&gt;&gt;<i> In file included from tls_config.c:41:
</I>&gt;&gt;&gt;<i> tls_util.h:35:25: error: openssl/err.h: Nessun file o directory
</I>&gt;&gt;&gt;<i> tls_config.c: In function &#8216;parse_method_opt&#8217;:
</I>&gt;&gt;&gt;<i> tls_config.c:548: error: &#8216;tls_domain_t&#8217; has no member named &#8216;method&#8217;
</I>&gt;&gt;&gt;<i> tls_config.c: In function &#8216;parse_verify_cert_opt&#8217;:
</I>&gt;&gt;&gt;<i> tls_config.c:612: error: &#8216;tls_domain_t&#8217; has no member named
</I>&gt;&gt;&gt;<i> &#8216;verify_cert&#8217;
</I>&gt;&gt;&gt;<i> tls_config.c: In function &#8216;parse_verify_depth_opt&#8217;:
</I>&gt;&gt;&gt;<i> tls_config.c:659: error: &#8216;tls_domain_t&#8217; has no member named
</I>&gt;&gt;&gt;<i> &#8216;verify_depth&#8217;
</I>&gt;&gt;&gt;<i> tls_config.c: In function &#8216;parse_req_cert_opt&#8217;:
</I>&gt;&gt;&gt;<i> tls_config.c:668: error: &#8216;tls_domain_t&#8217; has no member named
</I>&gt;&gt;&gt;<i> &#8216;require_cert&#8217;
</I>&gt;&gt;&gt;<i> tls_config.c: In function &#8216;parse_pkey_opt&#8217;:
</I>&gt;&gt;&gt;<i> tls_config.c:699: error: &#8216;tls_domain_t&#8217; has no member named &#8216;pkey_file&#8217;
</I>&gt;&gt;&gt;<i> tls_config.c: In function &#8216;parse_ca_list_opt&#8217;:
</I>&gt;&gt;&gt;<i> tls_config.c:708: error: &#8216;tls_domain_t&#8217; has no member named &#8216;ca_file&#8217;
</I>&gt;&gt;&gt;<i> tls_config.c: In function &#8216;parse_cert_opt&#8217;:
</I>&gt;&gt;&gt;<i> tls_config.c:717: error: &#8216;tls_domain_t&#8217; has no member named &#8216;cert_file&#8217;
</I>&gt;&gt;&gt;<i> tls_config.c: In function &#8216;parse_cipher_list_opt&#8217;:
</I>&gt;&gt;&gt;<i> tls_config.c:725: error: &#8216;tls_domain_t&#8217; has no member named
</I>&gt;&gt;&gt;<i> &#8216;cipher_list&#8217;
</I>&gt;&gt;&gt;<i> make[1]: *** [tls_config.o] Error 1
</I>&gt;&gt;&gt;<i> make[1]: Leaving directory `/opt/OpenIMSCore/ser_ims/modules/tls'
</I>&gt;&gt;&gt;<i> make: *** [modules] Error 1
</I>&gt;&gt;&gt;<i>
</I>&gt;&gt;&gt;<i> ---
</I>&gt;&gt;&gt;<i>
</I>&gt;&gt;&gt;<i> OpenSSL is intalled. How can I resolve the prlblem?
</I>&gt;&gt;&gt;<i>
</I>&gt;&gt;&gt;<i> Rob
</I>&gt;<i>
</I>&gt;<i>
</I>

-- 
-----------------------------------------
Dipl. Eng. Dragos Vingarzan
Fraunhofer FOKUS/NGNI
Kaiserin-Augusta-Allee 31
10589 Berlin,Germany
Phone +49 (0)30 - 3463 - 7385
Mobile +49 (0)176 - 48 32 16 00
Web www.fokus.fraunhofer.de www.openimscore.org
We could change the world if God would give us the source code...
-----------------------------------------------------------------


</PRE>

<!--endarticle-->
    <HR>
    <P><UL>
        <!--threads-->
	<LI>Previous message: <A HREF="003434.html">[OpenIMSCore-Users] Problems running PCSCf, SCSCF, ICSCF
</A></li>
	<LI>Next message: <A HREF="003382.html">[OpenIMSCore-Users] Problem in Registration using IMS	Communicator
</A></li>
         <LI> <B>Messages sorted by:</B> 
              <a href="date.html#3502">[ date ]</a>
              <a href="thread.html#3502">[ thread ]</a>
              <a href="subject.html#3502">[ subject ]</a>
              <a href="author.html#3502">[ author ]</a>
         </LI>
       </UL>

<hr>
<a href="https://lists.berlios.de/mailman/listinfo/openimscore-users">More information about the OpenIMSCore-Users
mailing list</a><br>
</body></html>
